ERROR - 2025-10-21 18:41:12 --> mysqli_sql_exception: Table 'bygizemb_admin.products' doesn't exist in /home/bygizemb/public_html/system/Database/MySQLi/Connection.php:312
Stack trace:
#0 /home/bygizemb/public_html/system/Database/MySQLi/Connection.php(312): mysqli->query()
#1 /home/bygizemb/public_html/system/Database/BaseConnection.php(734): CodeIgniter\Database\MySQLi\Connection->execute()
#2 /home/bygizemb/public_html/system/Database/BaseConnection.php(648): CodeIgniter\Database\BaseConnection->simpleQuery()
#3 /home/bygizemb/public_html/system/Database/BaseBuilder.php(1644): CodeIgniter\Database\BaseConnection->query()
#4 /home/bygizemb/public_html/app/Models/ProductModel.php(548): CodeIgniter\Database\BaseBuilder->get()
#5 /home/bygizemb/public_html/app/Controllers/BaseController.php(181): App\Models\ProductModel->checkPromotedProducts()
#6 /home/bygizemb/public_html/app/Controllers/HomeController.php(30): App\Controllers\BaseController->initController()
#7 /home/bygizemb/public_html/system/CodeIgniter.php(904): App\Controllers\HomeController->initController()
#8 /home/bygizemb/public_html/system/CodeIgniter.php(500): CodeIgniter\CodeIgniter->createController()
#9 /home/bygizemb/public_html/system/CodeIgniter.php(355): CodeIgniter\CodeIgniter->handleRequest()
#10 /home/bygizemb/public_html/system/Boot.php(325): CodeIgniter\CodeIgniter->run()
#11 /home/bygizemb/public_html/system/Boot.php(67): CodeIgniter\Boot::runCodeIgniter()
#12 /home/bygizemb/public_html/index.php(56): CodeIgniter\Boot::bootWeb()
#13 {main}
CRITICAL - 2025-10-21 18:41:12 --> CodeIgniter\Database\Exceptions\DatabaseException: Table 'bygizemb_admin.products' doesn't exist
[Method: GET, Route: /]
in SYSTEMPATH/Database/BaseConnection.php on line 688.
 1 SYSTEMPATH/Database/BaseBuilder.php(1644): CodeIgniter\Database\BaseConnection->query()
 2 APPPATH/Models/ProductModel.php(548): CodeIgniter\Database\BaseBuilder->get()
 3 APPPATH/Controllers/BaseController.php(181): App\Models\ProductModel->checkPromotedProducts()
 4 APPPATH/Controllers/HomeController.php(30): App\Controllers\BaseController->initController()
 5 SYSTEMPATH/CodeIgniter.php(904): App\Controllers\HomeController->initController()
 6 SYSTEMPATH/CodeIgniter.php(500): CodeIgniter\CodeIgniter->createController()
 7 SYSTEMPATH/CodeIgniter.php(355): CodeIgniter\CodeIgniter->handleRequest()
 8 SYSTEMPATH/Boot.php(325): CodeIgniter\CodeIgniter->run()
 9 SYSTEMPATH/Boot.php(67): CodeIgniter\Boot::runCodeIgniter()
10 FCPATH/index.php(56): CodeIgniter\Boot::bootWeb()
CRITICAL - 2025-10-21 18:41:12 --> [Caused by] CodeIgniter\Database\Exceptions\DatabaseException: Table 'bygizemb_admin.products' doesn't exist
in SYSTEMPATH/Database/MySQLi/Connection.php on line 317.
 1 SYSTEMPATH/Database/BaseConnection.php(734): CodeIgniter\Database\MySQLi\Connection->execute()
 2 SYSTEMPATH/Database/BaseConnection.php(648): CodeIgniter\Database\BaseConnection->simpleQuery()
 3 SYSTEMPATH/Database/BaseBuilder.php(1644): CodeIgniter\Database\BaseConnection->query()
 4 APPPATH/Models/ProductModel.php(548): CodeIgniter\Database\BaseBuilder->get()
 5 APPPATH/Controllers/BaseController.php(181): App\Models\ProductModel->checkPromotedProducts()
 6 APPPATH/Controllers/HomeController.php(30): App\Controllers\BaseController->initController()
 7 SYSTEMPATH/CodeIgniter.php(904): App\Controllers\HomeController->initController()
 8 SYSTEMPATH/CodeIgniter.php(500): CodeIgniter\CodeIgniter->createController()
 9 SYSTEMPATH/CodeIgniter.php(355): CodeIgniter\CodeIgniter->handleRequest()
10 SYSTEMPATH/Boot.php(325): CodeIgniter\CodeIgniter->run()
11 SYSTEMPATH/Boot.php(67): CodeIgniter\Boot::runCodeIgniter()
12 FCPATH/index.php(56): CodeIgniter\Boot::bootWeb()
CRITICAL - 2025-10-21 18:41:12 --> [Caused by] mysqli_sql_exception: Table 'bygizemb_admin.products' doesn't exist
in SYSTEMPATH/Database/MySQLi/Connection.php on line 312.
 1 SYSTEMPATH/Database/MySQLi/Connection.php(312): mysqli->query()
 2 SYSTEMPATH/Database/BaseConnection.php(734): CodeIgniter\Database\MySQLi\Connection->execute()
 3 SYSTEMPATH/Database/BaseConnection.php(648): CodeIgniter\Database\BaseConnection->simpleQuery()
 4 SYSTEMPATH/Database/BaseBuilder.php(1644): CodeIgniter\Database\BaseConnection->query()
 5 APPPATH/Models/ProductModel.php(548): CodeIgniter\Database\BaseBuilder->get()
 6 APPPATH/Controllers/BaseController.php(181): App\Models\ProductModel->checkPromotedProducts()
 7 APPPATH/Controllers/HomeController.php(30): App\Controllers\BaseController->initController()
 8 SYSTEMPATH/CodeIgniter.php(904): App\Controllers\HomeController->initController()
 9 SYSTEMPATH/CodeIgniter.php(500): CodeIgniter\CodeIgniter->createController()
10 SYSTEMPATH/CodeIgniter.php(355): CodeIgniter\CodeIgniter->handleRequest()
11 SYSTEMPATH/Boot.php(325): CodeIgniter\CodeIgniter->run()
12 SYSTEMPATH/Boot.php(67): CodeIgniter\Boot::runCodeIgniter()
13 FCPATH/index.php(56): CodeIgniter\Boot::bootWeb()
CRITICAL - 2025-10-21 20:35:57 --> Error: Call to undefined function App\Controllers\getPanelSettings()
[Method: GET, Route: admin/categories]
in APPPATH/Controllers/CategoryController.php on line 17.
 1 SYSTEMPATH/CodeIgniter.php(904): App\Controllers\CategoryController->initController()
 2 SYSTEMPATH/CodeIgniter.php(500): CodeIgniter\CodeIgniter->createController()
 3 SYSTEMPATH/CodeIgniter.php(355): CodeIgniter\CodeIgniter->handleRequest()
 4 SYSTEMPATH/Boot.php(325): CodeIgniter\CodeIgniter->run()
 5 SYSTEMPATH/Boot.php(67): CodeIgniter\Boot::runCodeIgniter()
 6 FCPATH/index.php(56): CodeIgniter\Boot::bootWeb()
CRITICAL - 2025-10-21 20:57:25 --> Error: Call to undefined function App\Controllers\getPanelSettings()
[Method: GET, Route: admin/brands]
in APPPATH/Controllers/CategoryController.php on line 17.
 1 SYSTEMPATH/CodeIgniter.php(904): App\Controllers\CategoryController->initController()
 2 SYSTEMPATH/CodeIgniter.php(500): CodeIgniter\CodeIgniter->createController()
 3 SYSTEMPATH/CodeIgniter.php(355): CodeIgniter\CodeIgniter->handleRequest()
 4 SYSTEMPATH/Boot.php(325): CodeIgniter\CodeIgniter->run()
 5 SYSTEMPATH/Boot.php(67): CodeIgniter\Boot::runCodeIgniter()
 6 FCPATH/index.php(56): CodeIgniter\Boot::bootWeb()
CRITICAL - 2025-10-21 20:57:29 --> Error: Call to undefined function App\Controllers\getPanelSettings()
[Method: GET, Route: admin/brands]
in APPPATH/Controllers/CategoryController.php on line 17.
 1 SYSTEMPATH/CodeIgniter.php(904): App\Controllers\CategoryController->initController()
 2 SYSTEMPATH/CodeIgniter.php(500): CodeIgniter\CodeIgniter->createController()
 3 SYSTEMPATH/CodeIgniter.php(355): CodeIgniter\CodeIgniter->handleRequest()
 4 SYSTEMPATH/Boot.php(325): CodeIgniter\CodeIgniter->run()
 5 SYSTEMPATH/Boot.php(67): CodeIgniter\Boot::runCodeIgniter()
 6 FCPATH/index.php(56): CodeIgniter\Boot::bootWeb()
CRITICAL - 2025-10-21 20:57:32 --> Error: Call to undefined function App\Controllers\getPanelSettings()
[Method: GET, Route: admin/categories]
in APPPATH/Controllers/CategoryController.php on line 17.
 1 SYSTEMPATH/CodeIgniter.php(904): App\Controllers\CategoryController->initController()
 2 SYSTEMPATH/CodeIgniter.php(500): CodeIgniter\CodeIgniter->createController()
 3 SYSTEMPATH/CodeIgniter.php(355): CodeIgniter\CodeIgniter->handleRequest()
 4 SYSTEMPATH/Boot.php(325): CodeIgniter\CodeIgniter->run()
 5 SYSTEMPATH/Boot.php(67): CodeIgniter\Boot::runCodeIgniter()
 6 FCPATH/index.php(56): CodeIgniter\Boot::bootWeb()
CRITICAL - 2025-10-21 21:00:33 --> Error: Call to undefined function App\Controllers\getPanelSettings()
[Method: GET, Route: admin/custom-fields]
in APPPATH/Controllers/CategoryController.php on line 17.
 1 SYSTEMPATH/CodeIgniter.php(904): App\Controllers\CategoryController->initController()
 2 SYSTEMPATH/CodeIgniter.php(500): CodeIgniter\CodeIgniter->createController()
 3 SYSTEMPATH/CodeIgniter.php(355): CodeIgniter\CodeIgniter->handleRequest()
 4 SYSTEMPATH/Boot.php(325): CodeIgniter\CodeIgniter->run()
 5 SYSTEMPATH/Boot.php(67): CodeIgniter\Boot::runCodeIgniter()
 6 FCPATH/index.php(56): CodeIgniter\Boot::bootWeb()
CRITICAL - 2025-10-21 21:01:12 --> Error: Call to undefined function App\Controllers\getPanelSettings()
[Method: POST, Route: Category/editIndexCategoriesOrderPost]
in APPPATH/Controllers/CategoryController.php on line 17.
 1 SYSTEMPATH/CodeIgniter.php(904): App\Controllers\CategoryController->initController()
 2 SYSTEMPATH/CodeIgniter.php(500): CodeIgniter\CodeIgniter->createController()
 3 SYSTEMPATH/CodeIgniter.php(355): CodeIgniter\CodeIgniter->handleRequest()
 4 SYSTEMPATH/Boot.php(325): CodeIgniter\CodeIgniter->run()
 5 SYSTEMPATH/Boot.php(67): CodeIgniter\Boot::runCodeIgniter()
 6 FCPATH/index.php(56): CodeIgniter\Boot::bootWeb()
CRITICAL - 2025-10-21 21:01:13 --> Error: Call to undefined function App\Controllers\getPanelSettings()
[Method: POST, Route: Category/editIndexCategoriesOrderPost]
in APPPATH/Controllers/CategoryController.php on line 17.
 1 SYSTEMPATH/CodeIgniter.php(904): App\Controllers\CategoryController->initController()
 2 SYSTEMPATH/CodeIgniter.php(500): CodeIgniter\CodeIgniter->createController()
 3 SYSTEMPATH/CodeIgniter.php(355): CodeIgniter\CodeIgniter->handleRequest()
 4 SYSTEMPATH/Boot.php(325): CodeIgniter\CodeIgniter->run()
 5 SYSTEMPATH/Boot.php(67): CodeIgniter\Boot::runCodeIgniter()
 6 FCPATH/index.php(56): CodeIgniter\Boot::bootWeb()
CRITICAL - 2025-10-21 21:01:13 --> Error: Call to undefined function App\Controllers\getPanelSettings()
[Method: POST, Route: Category/editIndexCategoriesOrderPost]
in APPPATH/Controllers/CategoryController.php on line 17.
 1 SYSTEMPATH/CodeIgniter.php(904): App\Controllers\CategoryController->initController()
 2 SYSTEMPATH/CodeIgniter.php(500): CodeIgniter\CodeIgniter->createController()
 3 SYSTEMPATH/CodeIgniter.php(355): CodeIgniter\CodeIgniter->handleRequest()
 4 SYSTEMPATH/Boot.php(325): CodeIgniter\CodeIgniter->run()
 5 SYSTEMPATH/Boot.php(67): CodeIgniter\Boot::runCodeIgniter()
 6 FCPATH/index.php(56): CodeIgniter\Boot::bootWeb()
CRITICAL - 2025-10-21 21:01:32 --> Error: Call to undefined function App\Controllers\getPanelSettings()
[Method: GET, Route: admin/categories]
in APPPATH/Controllers/CategoryController.php on line 17.
 1 SYSTEMPATH/CodeIgniter.php(904): App\Controllers\CategoryController->initController()
 2 SYSTEMPATH/CodeIgniter.php(500): CodeIgniter\CodeIgniter->createController()
 3 SYSTEMPATH/CodeIgniter.php(355): CodeIgniter\CodeIgniter->handleRequest()
 4 SYSTEMPATH/Boot.php(325): CodeIgniter\CodeIgniter->run()
 5 SYSTEMPATH/Boot.php(67): CodeIgniter\Boot::runCodeIgniter()
 6 FCPATH/index.php(56): CodeIgniter\Boot::bootWeb()
